<?xml version="1.0" encoding="UTF-8"?>
<!-- Generated by org.testng.reporters.JUnitReportReporter -->
<testsuite hostname="DESKTOP-FQEFSSS" failures="0" tests="10" name="dataDrivenSearch.DataDrivenSearchFunctionality" time="81.560" errors="0" timestamp="2024-08-30T13:08:23 IST" skipped="0">
  <testcase classname="dataDrivenSearch.DataDrivenSearchFunctionality" name="Test" time="7.370"/>
  <testcase classname="dataDrivenSearch.DataDrivenSearchFunctionality" name="Test" time="9.697"/>
  <testcase classname="dataDrivenSearch.DataDrivenSearchFunctionality" name="Test" time="7.448"/>
  <testcase classname="dataDrivenSearch.DataDrivenSearchFunctionality" name="Test" time="9.651"/>
  <testcase classname="dataDrivenSearch.DataDrivenSearchFunctionality" name="Test" time="9.338"/>
  <testcase classname="dataDrivenSearch.DataDrivenSearchFunctionality" name="Test" time="8.267"/>
  <testcase classname="dataDrivenSearch.DataDrivenSearchFunctionality" name="Test" time="7.714"/>
  <testcase classname="dataDrivenSearch.DataDrivenSearchFunctionality" name="Test" time="6.999"/>
  <testcase classname="dataDrivenSearch.DataDrivenSearchFunctionality" name="Test" time="7.305"/>
  <testcase classname="dataDrivenSearch.DataDrivenSearchFunctionality" name="Test" time="7.771"/>
</testsuite> <!-- dataDrivenSearch.DataDrivenSearchFunctionality -->
